<?xml version="1.0" encoding="UTF-8"?>
<testng-results ignored="0" total="1" passed="1" failed="0" skipped="0">
  <reporter-output>
  </reporter-output>
  <suite started-at="2021-10-05T15:00:39 IST" name="Default suite" finished-at="2021-10-05T15:00:41 IST" duration-ms="2546">
    <groups>
    </groups>
    <test started-at="2021-10-05T15:00:39 IST" name="Default test" finished-at="2021-10-05T15:00:41 IST" duration-ms="2546">
      <class name="select">
        <test-method signature="selectmethod()[pri:0, instance:select@193f604a]" started-at="2021-10-05T15:00:39 IST" name="selectmethod" finished-at="2021-10-05T15:00:41 IST" duration-ms="2512" status="PASS">
          <reporter-output>
          </reporter-output>
        </test-method> <!-- selectmethod -->
      </class> <!-- select -->
    </test> <!-- Default test -->
  </suite> <!-- Default suite -->
</testng-results>
